0 info it worked if it ends with ok
1 verbose cli [ '/usr/bin/node',
1 verbose cli   '/usr/bin/npm',
1 verbose cli   'install',
1 verbose cli   'express',
1 verbose cli   'mongoose',
1 verbose cli   'jsonwebtoken',
1 verbose cli   'bcryptjs',
1 verbose cli   'dotenv',
1 verbose cli   'nodemon',
1 verbose cli   '@sendgrid/mail' ]
2 info using npm@3.5.2
3 info using node@v8.10.0
4 silly loadCurrentTree Starting
5 silly install loadCurrentTree
6 silly install readLocalPackageData
7 silly fetchPackageMetaData express
8 silly fetchPackageMetaData mongoose
9 silly fetchPackageMetaData jsonwebtoken
10 silly fetchPackageMetaData bcryptjs
11 silly fetchPackageMetaData dotenv
12 silly fetchPackageMetaData nodemon
13 silly fetchPackageMetaData @sendgrid/mail
14 silly fetchNamedPackageData express
15 silly mapToRegistry name express
16 silly mapToRegistry using default registry
17 silly mapToRegistry registry https://registry.npmjs.org/
18 silly mapToRegistry uri https://registry.npmjs.org/express
19 silly fetchNamedPackageData mongoose
20 silly mapToRegistry name mongoose
21 silly mapToRegistry using default registry
22 silly mapToRegistry registry https://registry.npmjs.org/
23 silly mapToRegistry uri https://registry.npmjs.org/mongoose
24 silly fetchNamedPackageData jsonwebtoken
25 silly mapToRegistry name jsonwebtoken
26 silly mapToRegistry using default registry
27 silly mapToRegistry registry https://registry.npmjs.org/
28 silly mapToRegistry uri https://registry.npmjs.org/jsonwebtoken
29 silly fetchNamedPackageData bcryptjs
30 silly mapToRegistry name bcryptjs
31 silly mapToRegistry using default registry
32 silly mapToRegistry registry https://registry.npmjs.org/
33 silly mapToRegistry uri https://registry.npmjs.org/bcryptjs
34 silly fetchNamedPackageData dotenv
35 silly mapToRegistry name dotenv
36 silly mapToRegistry using default registry
37 silly mapToRegistry registry https://registry.npmjs.org/
38 silly mapToRegistry uri https://registry.npmjs.org/dotenv
39 silly fetchNamedPackageData nodemon
40 silly mapToRegistry name nodemon
41 silly mapToRegistry using default registry
42 silly mapToRegistry registry https://registry.npmjs.org/
43 silly mapToRegistry uri https://registry.npmjs.org/nodemon
44 silly fetchNamedPackageData @sendgrid/mail
45 silly mapToRegistry name @sendgrid/mail
46 silly mapToRegistry scope (from package name) @sendgrid
47 verbose mapToRegistry no registry URL found in name for scope @sendgrid
48 silly mapToRegistry using default registry
49 silly mapToRegistry registry https://registry.npmjs.org/
50 silly mapToRegistry uri https://registry.npmjs.org/@sendgrid%2fmail
51 verbose request uri https://registry.npmjs.org/express
52 verbose request no auth needed
53 info attempt registry request try #1 at 7:25:08 AM
54 verbose request id 5b4d61dff3d8d23a
55 http request GET https://registry.npmjs.org/express
56 verbose request uri https://registry.npmjs.org/mongoose
57 verbose request no auth needed
58 info attempt registry request try #1 at 7:25:09 AM
59 http request GET https://registry.npmjs.org/mongoose
60 verbose request uri https://registry.npmjs.org/jsonwebtoken
61 verbose request no auth needed
62 info attempt registry request try #1 at 7:25:09 AM
63 http request GET https://registry.npmjs.org/jsonwebtoken
64 verbose request uri https://registry.npmjs.org/bcryptjs
65 verbose request no auth needed
66 info attempt registry request try #1 at 7:25:09 AM
67 http request GET https://registry.npmjs.org/bcryptjs
68 verbose request uri https://registry.npmjs.org/dotenv
69 verbose request no auth needed
70 info attempt registry request try #1 at 7:25:09 AM
71 http request GET https://registry.npmjs.org/dotenv
72 verbose request uri https://registry.npmjs.org/nodemon
73 verbose request no auth needed
74 info attempt registry request try #1 at 7:25:09 AM
75 http request GET https://registry.npmjs.org/nodemon
76 verbose request uri https://registry.npmjs.org/@sendgrid%2fmail
77 verbose request no auth needed
78 info attempt registry request try #1 at 7:25:09 AM
79 http request GET https://registry.npmjs.org/@sendgrid%2fmail
80 http 200 https://registry.npmjs.org/bcryptjs
81 verbose headers { date: 'Sun, 14 Jul 2024 07:25:09 GMT',
81 verbose headers   'content-type': 'application/json',
81 verbose headers   'transfer-encoding': 'chunked',
81 verbose headers   connection: 'keep-alive',
81 verbose headers   'cf-ray': '8a2fc6f6bcc02413-IAD',
81 verbose headers   'cf-cache-status': 'HIT',
81 verbose headers   'access-control-allow-origin': '*',
81 verbose headers   age: '17',
81 verbose headers   'cache-control': 'public, max-age=300',
81 verbose headers   etag: 'W/"50116c3350308dd4912f299530d59207"',
81 verbose headers   'last-modified': 'Sun, 20 Aug 2023 09:40:09 GMT',
81 verbose headers   vary: 'accept-encoding, accept',
81 verbose headers   server: 'cloudflare',
81 verbose headers   'content-encoding': 'gzip' }
82 silly get cb [ 200,
82 silly get   { date: 'Sun, 14 Jul 2024 07:25:09 GMT',
82 silly get     'content-type': 'application/json',
82 silly get     'transfer-encoding': 'chunked',
82 silly get     connection: 'keep-alive',
82 silly get     'cf-ray': '8a2fc6f6bcc02413-IAD',
82 silly get     'cf-cache-status': 'HIT',
82 silly get     'access-control-allow-origin': '*',
82 silly get     age: '17',
82 silly get     'cache-control': 'public, max-age=300',
82 silly get     etag: 'W/"50116c3350308dd4912f299530d59207"',
82 silly get     'last-modified': 'Sun, 20 Aug 2023 09:40:09 GMT',
82 silly get     vary: 'accept-encoding, accept',
82 silly get     server: 'cloudflare',
82 silly get     'content-encoding': 'gzip' } ]
83 verbose get saving bcryptjs to /root/.npm/registry.npmjs.org/bcryptjs/.cache.json
84 verbose makeDirectory /root/.npm creation not in flight; initializing
85 silly makeDirectory /root/.npm uid: 0 gid: 0
86 http 200 https://registry.npmjs.org/@sendgrid%2fmail
87 verbose headers { date: 'Sun, 14 Jul 2024 07:25:09 GMT',
87 verbose headers   'content-type': 'application/json',
87 verbose headers   'transfer-encoding': 'chunked',
87 verbose headers   connection: 'keep-alive',
87 verbose headers   'cf-ray': '8a2fc6f6bd0a0637-IAD',
87 verbose headers   'cf-cache-status': 'HIT',
87 verbose headers   'access-control-allow-origin': '*',
87 verbose headers   age: '258',
87 verbose headers   'cache-control': 'public, max-age=300',
87 verbose headers   etag: 'W/"23b0f11a9484347fa8c885b914c6a703"',
87 verbose headers   'last-modified': 'Tue, 02 Apr 2024 08:12:04 GMT',
87 verbose headers   vary: 'accept-encoding, accept',
87 verbose headers   server: 'cloudflare',
87 verbose headers   'content-encoding': 'gzip' }
88 silly get cb [ 200,
88 silly get   { date: 'Sun, 14 Jul 2024 07:25:09 GMT',
88 silly get     'content-type': 'application/json',
88 silly get     'transfer-encoding': 'chunked',
88 silly get     connection: 'keep-alive',
88 silly get     'cf-ray': '8a2fc6f6bd0a0637-IAD',
88 silly get     'cf-cache-status': 'HIT',
88 silly get     'access-control-allow-origin': '*',
88 silly get     age: '258',
88 silly get     'cache-control': 'public, max-age=300',
88 silly get     etag: 'W/"23b0f11a9484347fa8c885b914c6a703"',
88 silly get     'last-modified': 'Tue, 02 Apr 2024 08:12:04 GMT',
88 silly get     vary: 'accept-encoding, accept',
88 silly get     server: 'cloudflare',
88 silly get     'content-encoding': 'gzip' } ]
89 verbose get saving @sendgrid/mail to /root/.npm/registry.npmjs.org/_40sendgrid_252fmail/.cache.json
90 http 200 https://registry.npmjs.org/jsonwebtoken
91 verbose headers { date: 'Sun, 14 Jul 2024 07:25:09 GMT',
91 verbose headers   'content-type': 'application/json',
91 verbose headers   'transfer-encoding': 'chunked',
91 verbose headers   connection: 'keep-alive',
91 verbose headers   'cf-ray': '8a2fc6f6bac82d23-IAD',
91 verbose headers   'cf-cache-status': 'HIT',
91 verbose headers   'access-control-allow-origin': '*',
91 verbose headers   age: '11',
91 verbose headers   'cache-control': 'public, max-age=300',
91 verbose headers   etag: 'W/"2696d25c0c873724bfbbcb130de9ff64"',
91 verbose headers   'last-modified': 'Mon, 06 May 2024 11:39:36 GMT',
91 verbose headers   vary: 'accept-encoding, accept',
91 verbose headers   server: 'cloudflare',
91 verbose headers   'content-encoding': 'gzip' }
92 silly get cb [ 200,
92 silly get   { date: 'Sun, 14 Jul 2024 07:25:09 GMT',
92 silly get     'content-type': 'application/json',
92 silly get     'transfer-encoding': 'chunked',
92 silly get     connection: 'keep-alive',
92 silly get     'cf-ray': '8a2fc6f6bac82d23-IAD',
92 silly get     'cf-cache-status': 'HIT',
92 silly get     'access-control-allow-origin': '*',
92 silly get     age: '11',
92 silly get     'cache-control': 'public, max-age=300',
92 silly get     etag: 'W/"2696d25c0c873724bfbbcb130de9ff64"',
92 silly get     'last-modified': 'Mon, 06 May 2024 11:39:36 GMT',
92 silly get     vary: 'accept-encoding, accept',
92 silly get     server: 'cloudflare',
92 silly get     'content-encoding': 'gzip' } ]
93 verbose get saving jsonwebtoken to /root/.npm/registry.npmjs.org/jsonwebtoken/.cache.json
94 http 200 https://registry.npmjs.org/dotenv
95 verbose headers { date: 'Sun, 14 Jul 2024 07:25:09 GMT',
95 verbose headers   'content-type': 'application/json',
95 verbose headers   'transfer-encoding': 'chunked',
95 verbose headers   connection: 'keep-alive',
95 verbose headers   'cf-ray': '8a2fc6f6be04874e-IAD',
95 verbose headers   'cf-cache-status': 'HIT',
95 verbose headers   'access-control-allow-origin': '*',
95 verbose headers   age: '80',
95 verbose headers   'cache-control': 'public, max-age=300',
95 verbose headers   etag: 'W/"609a1f7b117267d9a2ac68a0e4f84db4"',
95 verbose headers   'last-modified': 'Thu, 30 May 2024 05:44:31 GMT',
95 verbose headers   vary: 'accept-encoding, accept',
95 verbose headers   server: 'cloudflare',
95 verbose headers   'content-encoding': 'gzip' }
96 silly get cb [ 200,
96 silly get   { date: 'Sun, 14 Jul 2024 07:25:09 GMT',
96 silly get     'content-type': 'application/json',
96 silly get     'transfer-encoding': 'chunked',
96 silly get     connection: 'keep-alive',
96 silly get     'cf-ray': '8a2fc6f6be04874e-IAD',
96 silly get     'cf-cache-status': 'HIT',
96 silly get     'access-control-allow-origin': '*',
96 silly get     age: '80',
96 silly get     'cache-control': 'public, max-age=300',
96 silly get     etag: 'W/"609a1f7b117267d9a2ac68a0e4f84db4"',
96 silly get     'last-modified': 'Thu, 30 May 2024 05:44:31 GMT',
96 silly get     vary: 'accept-encoding, accept',
96 silly get     server: 'cloudflare',
96 silly get     'content-encoding': 'gzip' } ]
97 verbose get saving dotenv to /root/.npm/registry.npmjs.org/dotenv/.cache.json
98 http 200 https://registry.npmjs.org/express
99 verbose headers { date: 'Sun, 14 Jul 2024 07:25:09 GMT',
99 verbose headers   'content-type': 'application/json',
99 verbose headers   'transfer-encoding': 'chunked',
99 verbose headers   connection: 'keep-alive',
99 verbose headers   'cf-ray': '8a2fc6f6b8280800-IAD',
99 verbose headers   'cf-cache-status': 'HIT',
99 verbose headers   'access-control-allow-origin': '*',
99 verbose headers   age: '299',
99 verbose headers   'cache-control': 'public, max-age=300',
99 verbose headers   etag: 'W/"09d0026afddce17cd4fddd718976899a"',
99 verbose headers   'last-modified': 'Sun, 23 Jun 2024 02:25:06 GMT',
99 verbose headers   vary: 'accept-encoding, accept',
99 verbose headers   server: 'cloudflare',
99 verbose headers   'content-encoding': 'gzip' }
100 silly get cb [ 200,
100 silly get   { date: 'Sun, 14 Jul 2024 07:25:09 GMT',
100 silly get     'content-type': 'application/json',
100 silly get     'transfer-encoding': 'chunked',
100 silly get     connection: 'keep-alive',
100 silly get     'cf-ray': '8a2fc6f6b8280800-IAD',
100 silly get     'cf-cache-status': 'HIT',
100 silly get     'access-control-allow-origin': '*',
100 silly get     age: '299',
100 silly get     'cache-control': 'public, max-age=300',
100 silly get     etag: 'W/"09d0026afddce17cd4fddd718976899a"',
100 silly get     'last-modified': 'Sun, 23 Jun 2024 02:25:06 GMT',
100 silly get     vary: 'accept-encoding, accept',
100 silly get     server: 'cloudflare',
100 silly get     'content-encoding': 'gzip' } ]
101 verbose get saving express to /root/.npm/registry.npmjs.org/express/.cache.json
102 http 200 https://registry.npmjs.org/nodemon
103 verbose headers { date: 'Sun, 14 Jul 2024 07:25:09 GMT',
103 verbose headers   'content-type': 'application/json',
103 verbose headers   'transfer-encoding': 'chunked',
103 verbose headers   connection: 'keep-alive',
103 verbose headers   'cf-ray': '8a2fc6f6b9923b5a-IAD',
103 verbose headers   'cf-cache-status': 'HIT',
103 verbose headers   'access-control-allow-origin': '*',
103 verbose headers   age: '125',
103 verbose headers   'cache-control': 'public, max-age=300',
103 verbose headers   etag: 'W/"c5e19c9fd0aebba60bf93b83600b86fd"',
103 verbose headers   'last-modified': 'Thu, 20 Jun 2024 08:07:16 GMT',
103 verbose headers   vary: 'accept-encoding, accept',
103 verbose headers   server: 'cloudflare',
103 verbose headers   'content-encoding': 'gzip' }
104 silly get cb [ 200,
104 silly get   { date: 'Sun, 14 Jul 2024 07:25:09 GMT',
104 silly get     'content-type': 'application/json',
104 silly get     'transfer-encoding': 'chunked',
104 silly get     connection: 'keep-alive',
104 silly get     'cf-ray': '8a2fc6f6b9923b5a-IAD',
104 silly get     'cf-cache-status': 'HIT',
104 silly get     'access-control-allow-origin': '*',
104 silly get     age: '125',
104 silly get     'cache-control': 'public, max-age=300',
104 silly get     etag: 'W/"c5e19c9fd0aebba60bf93b83600b86fd"',
104 silly get     'last-modified': 'Thu, 20 Jun 2024 08:07:16 GMT',
104 silly get     vary: 'accept-encoding, accept',
104 silly get     server: 'cloudflare',
104 silly get     'content-encoding': 'gzip' } ]
105 verbose get saving nodemon to /root/.npm/registry.npmjs.org/nodemon/.cache.json
106 http 200 https://registry.npmjs.org/mongoose
107 verbose headers { date: 'Sun, 14 Jul 2024 07:25:09 GMT',
107 verbose headers   'content-type': 'application/json',
107 verbose headers   'transfer-encoding': 'chunked',
107 verbose headers   connection: 'keep-alive',
107 verbose headers   'cf-ray': '8a2fc6f6b90e8260-IAD',
107 verbose headers   'cf-cache-status': 'HIT',
107 verbose headers   'access-control-allow-origin': '*',
107 verbose headers   age: '142',
107 verbose headers   'cache-control': 'public, max-age=300',
107 verbose headers   etag: 'W/"c6ca52823824144722853f3901f3a15e"',
107 verbose headers   'last-modified': 'Fri, 12 Jul 2024 19:33:12 GMT',
107 verbose headers   vary: 'accept-encoding, accept',
107 verbose headers   server: 'cloudflare',
107 verbose headers   'content-encoding': 'gzip' }
108 silly get cb [ 200,
108 silly get   { date: 'Sun, 14 Jul 2024 07:25:09 GMT',
108 silly get     'content-type': 'application/json',
108 silly get     'transfer-encoding': 'chunked',
108 silly get     connection: 'keep-alive',
108 silly get     'cf-ray': '8a2fc6f6b90e8260-IAD',
108 silly get     'cf-cache-status': 'HIT',
108 silly get     'access-control-allow-origin': '*',
108 silly get     age: '142',
108 silly get     'cache-control': 'public, max-age=300',
108 silly get     etag: 'W/"c6ca52823824144722853f3901f3a15e"',
108 silly get     'last-modified': 'Fri, 12 Jul 2024 19:33:12 GMT',
108 silly get     vary: 'accept-encoding, accept',
108 silly get     server: 'cloudflare',
108 silly get     'content-encoding': 'gzip' } ]
109 verbose get saving mongoose to /root/.npm/registry.npmjs.org/mongoose/.cache.json
110 silly install normalizeTree
111 silly loadCurrentTree Finishing
112 silly loadIdealTree Starting
113 silly install loadIdealTree
114 silly cloneCurrentTree Starting
115 silly install cloneCurrentTreeToIdealTree
116 silly cloneCurrentTree Finishing
117 silly loadShrinkwrap Starting
118 silly install loadShrinkwrap
119 silly loadShrinkwrap Finishing
120 silly loadAllDepsIntoIdealTree Starting
121 silly install loadAllDepsIntoIdealTree
122 silly resolveWithNewModule jsonwebtoken@9.0.2 checking installable status
123 silly cache add args [ 'jsonwebtoken', null ]
124 verbose cache add spec jsonwebtoken
125 silly resolveWithNewModule @sendgrid/mail@8.1.3 checking installable status
126 silly cache add args [ '@sendgrid/mail', null ]
127 verbose cache add spec @sendgrid/mail
128 silly resolveWithNewModule bcryptjs@2.4.3 checking installable status
129 silly cache add args [ 'bcryptjs', null ]
130 verbose cache add spec bcryptjs
131 silly resolveWithNewModule dotenv@16.4.5 checking installable status
132 silly cache add args [ 'dotenv', null ]
133 verbose cache add spec dotenv
134 silly resolveWithNewModule express@4.19.2 checking installable status
135 silly cache add args [ 'express', null ]
136 verbose cache add spec express
137 silly resolveWithNewModule nodemon@3.1.4 checking installable status
138 silly cache add args [ 'nodemon', null ]
139 verbose cache add spec nodemon
140 silly resolveWithNewModule mongoose@8.5.1 checking installable status
141 silly cache add args [ 'mongoose', null ]
142 verbose cache add spec mongoose
143 silly cache add parsed spec Result {
143 silly cache add   raw: 'jsonwebtoken',
143 silly cache add   scope: null,
143 silly cache add   name: 'jsonwebtoken',
143 silly cache add   rawSpec: '',
143 silly cache add   spec: 'latest',
143 silly cache add   type: 'tag' }
144 silly addNamed jsonwebtoken@latest
145 verbose addNamed "latest" is being treated as a dist-tag for jsonwebtoken
146 info addNameTag [ 'jsonwebtoken', 'latest' ]
147 silly mapToRegistry name jsonwebtoken
148 silly mapToRegistry using default registry
149 silly mapToRegistry registry https://registry.npmjs.org/
150 silly mapToRegistry uri https://registry.npmjs.org/jsonwebtoken
151 verbose addNameTag registry:https://registry.npmjs.org/jsonwebtoken not in flight; fetching
152 silly cache add parsed spec Result {
152 silly cache add   raw: '@sendgrid/mail',
152 silly cache add   scope: '@sendgrid',
152 silly cache add   name: '@sendgrid/mail',
152 silly cache add   rawSpec: '',
152 silly cache add   spec: 'latest',
152 silly cache add   type: 'tag' }
153 silly addNamed @sendgrid/mail@latest
154 verbose addNamed "latest" is being treated as a dist-tag for @sendgrid/mail
155 info addNameTag [ '@sendgrid/mail', 'latest' ]
156 silly mapToRegistry name @sendgrid/mail
157 silly mapToRegistry scope (from package name) @sendgrid
158 verbose mapToRegistry no registry URL found in name for scope @sendgrid
159 silly mapToRegistry using default registry
160 silly mapToRegistry registry https://registry.npmjs.org/
161 silly mapToRegistry uri https://registry.npmjs.org/@sendgrid%2fmail
162 verbose addNameTag registry:https://registry.npmjs.org/@sendgrid%2fmail not in flight; fetching
163 silly cache add parsed spec Result {
163 silly cache add   raw: 'bcryptjs',
163 silly cache add   scope: null,
163 silly cache add   name: 'bcryptjs',
163 silly cache add   rawSpec: '',
163 silly cache add   spec: 'latest',
163 silly cache add   type: 'tag' }
164 silly addNamed bcryptjs@latest
165 verbose addNamed "latest" is being treated as a dist-tag for bcryptjs
166 info addNameTag [ 'bcryptjs', 'latest' ]
167 silly mapToRegistry name bcryptjs
168 silly mapToRegistry using default registry
169 silly mapToRegistry registry https://registry.npmjs.org/
170 silly mapToRegistry uri https://registry.npmjs.org/bcryptjs
171 verbose addNameTag registry:https://registry.npmjs.org/bcryptjs not in flight; fetching
172 silly cache add parsed spec Result {
172 silly cache add   raw: 'dotenv',
172 silly cache add   scope: null,
172 silly cache add   name: 'dotenv',
172 silly cache add   rawSpec: '',
172 silly cache add   spec: 'latest',
172 silly cache add   type: 'tag' }
173 silly addNamed dotenv@latest
174 verbose addNamed "latest" is being treated as a dist-tag for dotenv
175 info addNameTag [ 'dotenv', 'latest' ]
176 silly mapToRegistry name dotenv
177 silly mapToRegistry using default registry
178 silly mapToRegistry registry https://registry.npmjs.org/
179 silly mapToRegistry uri https://registry.npmjs.org/dotenv
180 verbose addNameTag registry:https://registry.npmjs.org/dotenv not in flight; fetching
181 silly cache add parsed spec Result {
181 silly cache add   raw: 'express',
181 silly cache add   scope: null,
181 silly cache add   name: 'express',
181 silly cache add   rawSpec: '',
181 silly cache add   spec: 'latest',
181 silly cache add   type: 'tag' }
182 silly addNamed express@latest
183 verbose addNamed "latest" is being treated as a dist-tag for express
184 info addNameTag [ 'express', 'latest' ]
185 silly mapToRegistry name express
186 silly mapToRegistry using default registry
187 silly mapToRegistry registry https://registry.npmjs.org/
188 silly mapToRegistry uri https://registry.npmjs.org/express
189 verbose addNameTag registry:https://registry.npmjs.org/express not in flight; fetching
190 silly cache add parsed spec Result {
190 silly cache add   raw: 'nodemon',
190 silly cache add   scope: null,
190 silly cache add   name: 'nodemon',
190 silly cache add   rawSpec: '',
190 silly cache add   spec: 'latest',
190 silly cache add   type: 'tag' }
191 silly addNamed nodemon@latest
192 verbose addNamed "latest" is being treated as a dist-tag for nodemon
193 info addNameTag [ 'nodemon', 'latest' ]
194 silly mapToRegistry name nodemon
195 silly mapToRegistry using default registry
196 silly mapToRegistry registry https://registry.npmjs.org/
197 silly mapToRegistry uri https://registry.npmjs.org/nodemon
198 verbose addNameTag registry:https://registry.npmjs.org/nodemon not in flight; fetching
199 silly cache add parsed spec Result {
199 silly cache add   raw: 'mongoose',
199 silly cache add   scope: null,
199 silly cache add   name: 'mongoose',
199 silly cache add   rawSpec: '',
199 silly cache add   spec: 'latest',
199 silly cache add   type: 'tag' }
200 silly addNamed mongoose@latest
201 verbose addNamed "latest" is being treated as a dist-tag for mongoose
202 info addNameTag [ 'mongoose', 'latest' ]
203 silly mapToRegistry name mongoose
204 silly mapToRegistry using default registry
205 silly mapToRegistry registry https://registry.npmjs.org/
206 silly mapToRegistry uri https://registry.npmjs.org/mongoose
207 verbose addNameTag registry:https://registry.npmjs.org/mongoose not in flight; fetching
208 verbose get https://registry.npmjs.org/jsonwebtoken not expired, no request
209 silly addNameTag next cb for jsonwebtoken with tag latest
210 silly addNamed jsonwebtoken@9.0.2
211 verbose addNamed "9.0.2" is a plain semver version for jsonwebtoken
212 verbose get https://registry.npmjs.org/@sendgrid%2fmail not expired, no request
213 silly addNameTag next cb for @sendgrid/mail with tag latest
214 silly addNamed @sendgrid/mail@8.1.3
215 verbose addNamed "8.1.3" is a plain semver version for @sendgrid/mail
216 verbose get https://registry.npmjs.org/bcryptjs not expired, no request
217 silly addNameTag next cb for bcryptjs with tag latest
218 silly addNamed bcryptjs@2.4.3
219 verbose addNamed "2.4.3" is a plain semver version for bcryptjs
220 verbose get https://registry.npmjs.org/dotenv not expired, no request
221 silly addNameTag next cb for dotenv with tag latest
222 silly addNamed dotenv@16.4.5
223 verbose addNamed "16.4.5" is a plain semver version for dotenv
224 verbose get https://registry.npmjs.org/express not expired, no request
225 silly addNameTag next cb for express with tag latest
226 silly addNamed express@4.19.2
227 verbose addNamed "4.19.2" is a plain semver version for express
228 verbose get https://registry.npmjs.org/nodemon not expired, no request
229 silly addNameTag next cb for nodemon with tag latest
230 silly addNamed nodemon@3.1.4
231 verbose addNamed "3.1.4" is a plain semver version for nodemon
232 verbose get https://registry.npmjs.org/mongoose not expired, no request
233 silly addNameTag next cb for mongoose with tag latest
234 silly addNamed mongoose@8.5.1
235 verbose addNamed "8.5.1" is a plain semver version for mongoose
236 silly mapToRegistry name jsonwebtoken
237 silly mapToRegistry using default registry
238 silly mapToRegistry registry https://registry.npmjs.org/
239 silly mapToRegistry uri https://registry.npmjs.org/jsonwebtoken
240 verbose addRemoteTarball https://registry.npmjs.org/jsonwebtoken/-/jsonwebtoken-9.0.2.tgz not in flight; adding
241 verbose addRemoteTarball [ 'https://registry.npmjs.org/jsonwebtoken/-/jsonwebtoken-9.0.2.tgz',
241 verbose addRemoteTarball   '65ff91f4abef1784697d40952bb1998c504caaf3' ]
242 silly mapToRegistry name @sendgrid/mail
243 silly mapToRegistry scope (from package name) @sendgrid
244 verbose mapToRegistry no registry URL found in name for scope @sendgrid
245 silly mapToRegistry using default registry
246 silly mapToRegistry registry https://registry.npmjs.org/
247 silly mapToRegistry uri https://registry.npmjs.org/@sendgrid%2fmail
248 verbose addRemoteTarball https://registry.npmjs.org/@sendgrid/mail/-/mail-8.1.3.tgz not in flight; adding
249 verbose addRemoteTarball [ 'https://registry.npmjs.org/@sendgrid/mail/-/mail-8.1.3.tgz',
249 verbose addRemoteTarball   'd371cbddcd2e8ca9469a68d1ed0c6b3a5c365e5e' ]
250 silly mapToRegistry name bcryptjs
251 silly mapToRegistry using default registry
252 silly mapToRegistry registry https://registry.npmjs.org/
253 silly mapToRegistry uri https://registry.npmjs.org/bcryptjs
254 verbose addRemoteTarball https://registry.npmjs.org/bcryptjs/-/bcryptjs-2.4.3.tgz not in flight; adding
255 verbose addRemoteTarball [ 'https://registry.npmjs.org/bcryptjs/-/bcryptjs-2.4.3.tgz',
255 verbose addRemoteTarball   '9ab5627b93e60621ff7cdac5da9733027df1d0cb' ]
256 silly mapToRegistry name dotenv
257 silly mapToRegistry using default registry
258 silly mapToRegistry registry https://registry.npmjs.org/
259 silly mapToRegistry uri https://registry.npmjs.org/dotenv
260 verbose addRemoteTarball https://registry.npmjs.org/dotenv/-/dotenv-16.4.5.tgz not in flight; adding
261 verbose addRemoteTarball [ 'https://registry.npmjs.org/dotenv/-/dotenv-16.4.5.tgz',
261 verbose addRemoteTarball   'cdd3b3b604cb327e286b4762e13502f717cb099f' ]
262 silly mapToRegistry name express
263 silly mapToRegistry using default registry
264 silly mapToRegistry registry https://registry.npmjs.org/
265 silly mapToRegistry uri https://registry.npmjs.org/express
266 verbose addRemoteTarball https://registry.npmjs.org/express/-/express-4.19.2.tgz not in flight; adding
267 verbose addRemoteTarball [ 'https://registry.npmjs.org/express/-/express-4.19.2.tgz',
267 verbose addRemoteTarball   'e25437827a3aa7f2a827bc8171bbbb664a356465' ]
268 silly mapToRegistry name nodemon
269 silly mapToRegistry using default registry
270 silly mapToRegistry registry https://registry.npmjs.org/
271 silly mapToRegistry uri https://registry.npmjs.org/nodemon
272 verbose addRemoteTarball https://registry.npmjs.org/nodemon/-/nodemon-3.1.4.tgz not in flight; adding
273 verbose addRemoteTarball [ 'https://registry.npmjs.org/nodemon/-/nodemon-3.1.4.tgz',
273 verbose addRemoteTarball   'c34dcd8eb46a05723ccde60cbdd25addcc8725e4' ]
274 silly mapToRegistry name mongoose
275 silly mapToRegistry using default registry
276 silly mapToRegistry registry https://registry.npmjs.org/
277 silly mapToRegistry uri https://registry.npmjs.org/mongoose
278 verbose addRemoteTarball https://registry.npmjs.org/mongoose/-/mongoose-8.5.1.tgz not in flight; adding
279 verbose addRemoteTarball [ 'https://registry.npmjs.org/mongoose/-/mongoose-8.5.1.tgz',
279 verbose addRemoteTarball   '011192edf77af54dd0826a836459212da317c503' ]
280 info retry fetch attempt 1 at 7:25:18 AM
281 info attempt registry request try #1 at 7:25:18 AM
282 http fetch GET https://registry.npmjs.org/@sendgrid/mail/-/mail-8.1.3.tgz
283 info retry fetch attempt 1 at 7:25:18 AM
284 info attempt registry request try #1 at 7:25:18 AM
285 http fetch GET https://registry.npmjs.org/jsonwebtoken/-/jsonwebtoken-9.0.2.tgz
286 info retry fetch attempt 1 at 7:25:18 AM
287 info attempt registry request try #1 at 7:25:18 AM
288 http fetch GET https://registry.npmjs.org/bcryptjs/-/bcryptjs-2.4.3.tgz
289 info retry fetch attempt 1 at 7:25:18 AM
290 info attempt registry request try #1 at 7:25:18 AM
291 http fetch GET https://registry.npmjs.org/dotenv/-/dotenv-16.4.5.tgz
292 info retry fetch attempt 1 at 7:25:18 AM
293 info attempt registry request try #1 at 7:25:18 AM
294 http fetch GET https://registry.npmjs.org/express/-/express-4.19.2.tgz
295 info retry fetch attempt 1 at 7:25:18 AM
296 info attempt registry request try #1 at 7:25:18 AM
297 http fetch GET https://registry.npmjs.org/nodemon/-/nodemon-3.1.4.tgz
298 info retry fetch attempt 1 at 7:25:18 AM
299 info attempt registry request try #1 at 7:25:18 AM
300 http fetch GET https://registry.npmjs.org/mongoose/-/mongoose-8.5.1.tgz
301 http fetch 200 https://registry.npmjs.org/jsonwebtoken/-/jsonwebtoken-9.0.2.tgz
302 http fetch 200 https://registry.npmjs.org/bcryptjs/-/bcryptjs-2.4.3.tgz
303 http fetch 200 https://registry.npmjs.org/express/-/express-4.19.2.tgz
304 http fetch 200 https://registry.npmjs.org/dotenv/-/dotenv-16.4.5.tgz
305 http fetch 200 https://registry.npmjs.org/nodemon/-/nodemon-3.1.4.tgz
306 http fetch 200 https://registry.npmjs.org/mongoose/-/mongoose-8.5.1.tgz
307 http fetch 200 https://registry.npmjs.org/@sendgrid/mail/-/mail-8.1.3.tgz
308 silly fetchAndShaCheck shasum 65ff91f4abef1784697d40952bb1998c504caaf3
309 silly fetchAndShaCheck shasum d371cbddcd2e8ca9469a68d1ed0c6b3a5c365e5e
310 silly fetchAndShaCheck shasum cdd3b3b604cb327e286b4762e13502f717cb099f
311 verbose addTmpTarball /tmp/npm-6372-8c08b282/registry.npmjs.org/jsonwebtoken/-/jsonwebtoken-9.0.2.tgz not in flight; adding
312 verbose addTmpTarball already have metadata; skipping unpack for jsonwebtoken@9.0.2
313 verbose addTmpTarball /tmp/npm-6372-8c08b282/registry.npmjs.org/_40sendgrid/mail/-/mail-8.1.3.tgz not in flight; adding
314 verbose addTmpTarball already have metadata; skipping unpack for @sendgrid/mail@8.1.3
315 silly fetchAndShaCheck shasum 9ab5627b93e60621ff7cdac5da9733027df1d0cb
316 silly fetchAndShaCheck shasum e25437827a3aa7f2a827bc8171bbbb664a356465
317 verbose addTmpTarball /tmp/npm-6372-8c08b282/registry.npmjs.org/dotenv/-/dotenv-16.4.5.tgz not in flight; adding
318 verbose addTmpTarball already have metadata; skipping unpack for dotenv@16.4.5
319 silly fetchAndShaCheck shasum c34dcd8eb46a05723ccde60cbdd25addcc8725e4
320 verbose addTmpTarball /tmp/npm-6372-8c08b282/registry.npmjs.org/express/-/express-4.19.2.tgz not in flight; adding
321 verbose addTmpTarball already have metadata; skipping unpack for express@4.19.2
322 verbose addTmpTarball /tmp/npm-6372-8c08b282/registry.npmjs.org/bcryptjs/-/bcryptjs-2.4.3.tgz not in flight; adding
323 verbose addTmpTarball already have metadata; skipping unpack for bcryptjs@2.4.3
324 verbose addTmpTarball /tmp/npm-6372-8c08b282/registry.npmjs.org/nodemon/-/nodemon-3.1.4.tgz not in flight; adding
325 verbose addTmpTarball already have metadata; skipping unpack for nodemon@3.1.4
326 silly cache afterAdd jsonwebtoken@9.0.2
327 verbose afterAdd /root/.npm/jsonwebtoken/9.0.2/package/package.json not in flight; writing
328 silly cache afterAdd dotenv@16.4.5
329 verbose afterAdd /root/.npm/dotenv/16.4.5/package/package.json not in flight; writing
330 silly cache afterAdd @sendgrid/mail@8.1.3
331 verbose afterAdd /root/.npm/@sendgrid/mail/8.1.3/package/package.json not in flight; writing
332 silly cache afterAdd express@4.19.2
333 verbose afterAdd /root/.npm/express/4.19.2/package/package.json not in flight; writing
334 verbose afterAdd /root/.npm/jsonwebtoken/9.0.2/package/package.json written
335 silly cache afterAdd bcryptjs@2.4.3
336 verbose afterAdd /root/.npm/bcryptjs/2.4.3/package/package.json not in flight; writing
337 silly cache afterAdd nodemon@3.1.4
338 verbose afterAdd /root/.npm/nodemon/3.1.4/package/package.json not in flight; writing
339 verbose afterAdd /root/.npm/dotenv/16.4.5/package/package.json written
340 verbose afterAdd /root/.npm/@sendgrid/mail/8.1.3/package/package.json written
341 verbose afterAdd /root/.npm/express/4.19.2/package/package.json written
342 verbose afterAdd /root/.npm/bcryptjs/2.4.3/package/package.json written
343 verbose afterAdd /root/.npm/nodemon/3.1.4/package/package.json written
344 silly fetchAndShaCheck shasum 011192edf77af54dd0826a836459212da317c503
345 verbose addTmpTarball /tmp/npm-6372-8c08b282/registry.npmjs.org/mongoose/-/mongoose-8.5.1.tgz not in flight; adding
346 verbose addTmpTarball already have metadata; skipping unpack for mongoose@8.5.1
347 silly cache afterAdd mongoose@8.5.1
348 verbose afterAdd /root/.npm/mongoose/8.5.1/package/package.json not in flight; writing
349 verbose afterAdd /root/.npm/mongoose/8.5.1/package/package.json written
350 silly fetchNamedPackageData @sendgrid/client
351 silly mapToRegistry name @sendgrid/client
352 silly mapToRegistry scope (from package name) @sendgrid
353 verbose mapToRegistry no registry URL found in name for scope @sendgrid
354 silly mapToRegistry using default registry
355 silly mapToRegistry registry https://registry.npmjs.org/
356 silly mapToRegistry uri https://registry.npmjs.org/@sendgrid%2fclient
357 silly fetchNamedPackageData @sendgrid/helpers
358 silly mapToRegistry name @sendgrid/helpers
359 silly mapToRegistry scope (from package name) @sendgrid
360 verbose mapToRegistry no registry URL found in name for scope @sendgrid
361 silly mapToRegistry using default registry
362 silly mapToRegistry registry https://registry.npmjs.org/
363 silly mapToRegistry uri https://registry.npmjs.org/@sendgrid%2fhelpers
364 verbose request uri https://registry.npmjs.org/@sendgrid%2fclient
365 verbose request no auth needed
366 info attempt registry request try #1 at 7:25:20 AM
367 http request GET https://registry.npmjs.org/@sendgrid%2fclient
368 verbose request uri https://registry.npmjs.org/@sendgrid%2fhelpers
369 verbose request no auth needed
370 info attempt registry request try #1 at 7:25:20 AM
371 http request GET https://registry.npmjs.org/@sendgrid%2fhelpers
372 http 200 https://registry.npmjs.org/@sendgrid%2fclient
373 verbose headers { date: 'Sun, 14 Jul 2024 07:25:20 GMT',
373 verbose headers   'content-type': 'application/json',
373 verbose headers   'transfer-encoding': 'chunked',
373 verbose headers   connection: 'keep-alive',
373 verbose headers   'cf-ray': '8a2fc73c1eca2d23-IAD',
373 verbose headers   'cf-cache-status': 'HIT',
373 verbose headers   'access-control-allow-origin': '*',
373 verbose headers   age: '191',
373 verbose headers   'cache-control': 'public, max-age=300',
373 verbose headers   etag: 'W/"d37c4ac55ecfbef726a8962be70ef35a"',
373 verbose headers   'last-modified': 'Tue, 02 Apr 2024 08:12:03 GMT',
373 verbose headers   vary: 'accept-encoding, accept',
373 verbose headers   server: 'cloudflare',
373 verbose headers   'content-encoding': 'gzip' }
374 silly get cb [ 200,
374 silly get   { date: 'Sun, 14 Jul 2024 07:25:20 GMT',
374 silly get     'content-type': 'application/json',
374 silly get     'transfer-encoding': 'chunked',
374 silly get     connection: 'keep-alive',
374 silly get     'cf-ray': '8a2fc73c1eca2d23-IAD',
374 silly get     'cf-cache-status': 'HIT',
374 silly get     'access-control-allow-origin': '*',
374 silly get     age: '191',
374 silly get     'cache-control': 'public, max-age=300',
374 silly get     etag: 'W/"d37c4ac55ecfbef726a8962be70ef35a"',
374 silly get     'last-modified': 'Tue, 02 Apr 2024 08:12:03 GMT',
374 silly get     vary: 'accept-encoding, accept',
374 silly get     server: 'cloudflare',
374 silly get     'content-encoding': 'gzip' } ]
375 verbose get saving @sendgrid/client to /root/.npm/registry.npmjs.org/_40sendgrid_252fclient/.cache.json
376 http 200 https://registry.npmjs.org/@sendgrid%2fhelpers
377 verbose headers { date: 'Sun, 14 Jul 2024 07:25:20 GMT',
377 verbose headers   'content-type': 'application/json',
377 verbose headers   'transfer-encoding': 'chunked',
377 verbose headers   connection: 'keep-alive',
377 verbose headers   'cf-ray': '8a2fc73c1a352413-IAD',
377 verbose headers   'cf-cache-status': 'HIT',
377 verbose headers   'access-control-allow-origin': '*',
377 verbose headers   age: '54',
377 verbose headers   'cache-control': 'public, max-age=300',
377 verbose headers   etag: 'W/"5ea89e50f7d8b6ebd30b82231358e184"',
377 verbose headers   'last-modified': 'Tue, 05 Dec 2023 12:46:27 GMT',
377 verbose headers   vary: 'accept-encoding, accept',
377 verbose headers   server: 'cloudflare',
377 verbose headers   'content-encoding': 'gzip' }
378 silly get cb [ 200,
378 silly get   { date: 'Sun, 14 Jul 2024 07:25:20 GMT',
378 silly get     'content-type': 'application/json',
378 silly get     'transfer-encoding': 'chunked',
378 silly get     connection: 'keep-alive',
378 silly get     'cf-ray': '8a2fc73c1a352413-IAD',
378 silly get     'cf-cache-status': 'HIT',
378 silly get     'access-control-allow-origin': '*',
378 silly get     age: '54',
378 silly get     'cache-control': 'public, max-age=300',
378 silly get     etag: 'W/"5ea89e50f7d8b6ebd30b82231358e184"',
378 silly get     'last-modified': 'Tue, 05 Dec 2023 12:46:27 GMT',
378 silly get     vary: 'accept-encoding, accept',
378 silly get     server: 'cloudflare',
378 silly get     'content-encoding': 'gzip' } ]
379 verbose get saving @sendgrid/helpers to /root/.npm/registry.npmjs.org/_40sendgrid_252fhelpers/.cache.json
380 silly resolveWithNewModule @sendgrid/client@8.1.3 checking installable status
381 silly cache add args [ '@sendgrid/client@^8.1.3', null ]
382 verbose cache add spec @sendgrid/client@^8.1.3
383 silly cache add parsed spec Result {
383 silly cache add   raw: '@sendgrid/client@^8.1.3',
383 silly cache add   scope: '@sendgrid',
383 silly cache add   name: '@sendgrid/client',
383 silly cache add   rawSpec: '^8.1.3',
383 silly cache add   spec: '>=8.1.3 <9.0.0',
383 silly cache add   type: 'range' }
384 silly addNamed @sendgrid/client@>=8.1.3 <9.0.0
385 verbose addNamed ">=8.1.3 <9.0.0" is a valid semver range for @sendgrid/client
386 silly addNameRange { name: '@sendgrid/client',
386 silly addNameRange   range: '>=8.1.3 <9.0.0',
386 silly addNameRange   hasData: false }
387 silly mapToRegistry name @sendgrid/client
388 silly mapToRegistry scope (from package name) @sendgrid
389 verbose mapToRegistry no registry URL found in name for scope @sendgrid
390 silly mapToRegistry using default registry
391 silly mapToRegistry registry https://registry.npmjs.org/
392 silly mapToRegistry uri https://registry.npmjs.org/@sendgrid%2fclient
393 verbose addNameRange registry:https://registry.npmjs.org/@sendgrid%2fclient not in flight; fetching
394 verbose get https://registry.npmjs.org/@sendgrid%2fclient not expired, no request
395 silly addNameRange number 2 { name: '@sendgrid/client',
395 silly addNameRange   range: '>=8.1.3 <9.0.0',
395 silly addNameRange   hasData: true }
396 silly addNameRange versions [ '@sendgrid/client',
396 silly addNameRange   [ '6.0.0-beta.0',
396 silly addNameRange     '6.0.0-beta.2',
396 silly addNameRange     '6.0.0-beta.4',
396 silly addNameRange     '6.0.0-beta.5',
396 silly addNameRange     '6.0.0',
396 silly addNameRange     '6.1.0',
396 silly addNameRange     '6.1.1',
396 silly addNameRange     '6.1.2',
396 silly addNameRange     '6.1.3',
396 silly addNameRange     '6.1.4',
396 silly addNameRange     '6.2.0',
396 silly addNameRange     '6.2.1',
396 silly addNameRange     '6.3.0',
396 silly addNameRange     '6.4.0',
396 silly addNameRange     '6.5.0',
396 silly addNameRange     '6.5.1',
396 silly addNameRange     '6.5.2',
396 silly addNameRange     '6.5.3',
396 silly addNameRange     '6.5.5',
396 silly addNameRange     '7.0.0',
396 silly addNameRange     '7.0.1',
396 silly addNameRange     '7.1.0',
396 silly addNameRange     '7.1.1',
396 silly addNameRange     '7.2.0',
396 silly addNameRange     '7.2.1',
396 silly addNameRange     '7.2.2',
396 silly addNameRange     '7.2.3',
396 silly addNameRange     '7.2.4',
396 silly addNameRange     '7.2.5',
396 silly addNameRange     '7.2.6',
396 silly addNameRange     '7.3.0',
396 silly addNameRange     '7.4.0',
396 silly addNameRange     '7.4.1',
396 silly addNameRange     '7.4.2',
396 silly addNameRange     '7.4.3',
396 silly addNameRange     '7.4.6',
396 silly addNameRange     '7.4.7',
396 silly addNameRange     '7.5.0',
396 silly addNameRange     '7.6.0',
396 silly addNameRange     '7.6.1',
396 silly addNameRange     '7.6.2',
396 silly addNameRange     '7.7.0',
396 silly addNameRange     '8.0.0',
396 silly addNameRange     '8.1.0',
396 silly addNameRange     '8.1.1',
396 silly addNameRange     '8.1.2',
396 silly addNameRange     '8.1.3' ] ]
397 silly addNamed @sendgrid/client@8.1.3
398 verbose addNamed "8.1.3" is a plain semver version for @sendgrid/client
399 silly mapToRegistry name @sendgrid/client
400 silly mapToRegistry scope (from package name) @sendgrid
401 verbose mapToRegistry no registry URL found in name for scope @sendgrid
402 silly mapToRegistry using default registry
403 silly mapToRegistry registry https://registry.npmjs.org/
404 silly mapToRegistry uri https://registry.npmjs.org/@sendgrid%2fclient
405 verbose addRemoteTarball https://registry.npmjs.org/@sendgrid/client/-/client-8.1.3.tgz not in flight; adding
406 verbose addRemoteTarball [ 'https://registry.npmjs.org/@sendgrid/client/-/client-8.1.3.tgz',
406 verbose addRemoteTarball   '51fd4a318627c4b615ff98e35609e98486a3bd6f' ]
407 silly resolveWithNewModule @sendgrid/helpers@8.0.0 checking installable status
408 silly cache add args [ '@sendgrid/helpers@^8.0.0', null ]
409 verbose cache add spec @sendgrid/helpers@^8.0.0
410 silly cache add parsed spec Result {
410 silly cache add   raw: '@sendgrid/helpers@^8.0.0',
410 silly cache add   scope: '@sendgrid',
410 silly cache add   name: '@sendgrid/helpers',
410 silly cache add   rawSpec: '^8.0.0',
410 silly cache add   spec: '>=8.0.0 <9.0.0',
410 silly cache add   type: 'range' }
411 silly addNamed @sendgrid/helpers@>=8.0.0 <9.0.0
412 verbose addNamed ">=8.0.0 <9.0.0" is a valid semver range for @sendgrid/helpers
413 silly addNameRange { name: '@sendgrid/helpers',
413 silly addNameRange   range: '>=8.0.0 <9.0.0',
413 silly addNameRange   hasData: false }
414 silly mapToRegistry name @sendgrid/helpers
415 silly mapToRegistry scope (from package name) @sendgrid
416 verbose mapToRegistry no registry URL found in name for scope @sendgrid
417 silly mapToRegistry using default registry
418 silly mapToRegistry registry https://registry.npmjs.org/
419 silly mapToRegistry uri https://registry.npmjs.org/@sendgrid%2fhelpers
420 verbose addNameRange registry:https://registry.npmjs.org/@sendgrid%2fhelpers not in flight; fetching
421 info retry fetch attempt 1 at 7:25:20 AM
422 info attempt registry request try #1 at 7:25:20 AM
423 http fetch GET https://registry.npmjs.org/@sendgrid/client/-/client-8.1.3.tgz
424 verbose get https://registry.npmjs.org/@sendgrid%2fhelpers not expired, no request
425 silly addNameRange number 2 { name: '@sendgrid/helpers',
425 silly addNameRange   range: '>=8.0.0 <9.0.0',
425 silly addNameRange   hasData: true }
426 silly addNameRange versions [ '@sendgrid/helpers',
426 silly addNameRange   [ '6.0.0-beta.2',
426 silly addNameRange     '6.0.0-beta.3',
426 silly addNameRange     '6.0.0-beta.4',
426 silly addNameRange     '6.0.0-beta.5',
426 silly addNameRange     '6.0.0',
426 silly addNameRange     '6.1.0',
426 silly addNameRange     '6.1.1',
426 silly addNameRange     '6.1.2',
426 silly addNameRange     '6.1.3',
426 silly addNameRange     '6.1.5',
426 silly addNameRange     '6.2.0',
426 silly addNameRange     '6.2.1',
426 silly addNameRange     '6.3.0',
426 silly addNameRange     '6.4.0',
426 silly addNameRange     '6.5.0',
426 silly addNameRange     '6.5.1',
426 silly addNameRange     '6.5.3',
426 silly addNameRange     '6.5.5',
426 silly addNameRange     '7.0.0',
426 silly addNameRange     '7.0.1',
426 silly addNameRange     '7.2.0',
426 silly addNameRange     '7.2.3',
426 silly addNameRange     '7.2.4',
426 silly addNameRange     '7.2.6',
426 silly addNameRange     '7.3.0',
426 silly addNameRange     '7.4.0',
426 silly addNameRange     '7.4.2',
426 silly addNameRange     '7.4.3',
426 silly addNameRange     '7.4.6',
426 silly addNameRange     '7.5.0',
426 silly addNameRange     '7.6.0',
426 silly addNameRange     '7.6.2',
426 silly addNameRange     '7.7.0',
426 silly addNameRange     '8.0.0' ] ]
427 silly addNamed @sendgrid/helpers@8.0.0
428 verbose addNamed "8.0.0" is a plain semver version for @sendgrid/helpers
429 silly mapToRegistry name @sendgrid/helpers
430 silly mapToRegistry scope (from package name) @sendgrid
431 verbose mapToRegistry no registry URL found in name for scope @sendgrid
432 silly mapToRegistry using default registry
433 silly mapToRegistry registry https://registry.npmjs.org/
434 silly mapToRegistry uri https://registry.npmjs.org/@sendgrid%2fhelpers
435 verbose addRemoteTarball https://registry.npmjs.org/@sendgrid/helpers/-/helpers-8.0.0.tgz not in flight; adding
436 verbose addRemoteTarball [ 'https://registry.npmjs.org/@sendgrid/helpers/-/helpers-8.0.0.tgz',
436 verbose addRemoteTarball   'f74bf9743bacafe4c8573be46166130c604c0fc1' ]
437 http fetch 200 https://registry.npmjs.org/@sendgrid/client/-/client-8.1.3.tgz
438 info retry fetch attempt 1 at 7:25:21 AM
439 info attempt registry request try #1 at 7:25:21 AM
440 http fetch GET https://registry.npmjs.org/@sendgrid/helpers/-/helpers-8.0.0.tgz
441 silly fetchAndShaCheck shasum 51fd4a318627c4b615ff98e35609e98486a3bd6f
442 verbose addTmpTarball /tmp/npm-6372-8c08b282/registry.npmjs.org/_40sendgrid/client/-/client-8.1.3.tgz not in flight; adding
443 verbose addTmpTarball already have metadata; skipping unpack for @sendgrid/client@8.1.3
444 silly cache afterAdd @sendgrid/client@8.1.3
445 verbose afterAdd /root/.npm/@sendgrid/client/8.1.3/package/package.json not in flight; writing
446 verbose afterAdd /root/.npm/@sendgrid/client/8.1.3/package/package.json written
447 http fetch 200 https://registry.npmjs.org/@sendgrid/helpers/-/helpers-8.0.0.tgz
448 silly fetchAndShaCheck shasum f74bf9743bacafe4c8573be46166130c604c0fc1
449 verbose addTmpTarball /tmp/npm-6372-8c08b282/registry.npmjs.org/_40sendgrid/helpers/-/helpers-8.0.0.tgz not in flight; adding
450 verbose addTmpTarball already have metadata; skipping unpack for @sendgrid/helpers@8.0.0
451 silly cache afterAdd @sendgrid/helpers@8.0.0
452 verbose afterAdd /root/.npm/@sendgrid/helpers/8.0.0/package/package.json not in flight; writing
453 verbose afterAdd /root/.npm/@sendgrid/helpers/8.0.0/package/package.json written
454 silly fetchNamedPackageData axios
455 silly mapToRegistry name axios
456 silly mapToRegistry using default registry
457 silly mapToRegistry registry https://registry.npmjs.org/
458 silly mapToRegistry uri https://registry.npmjs.org/axios
459 verbose request uri https://registry.npmjs.org/axios
460 verbose request no auth needed
461 info attempt registry request try #1 at 7:25:21 AM
462 http request GET https://registry.npmjs.org/axios
463 http 200 https://registry.npmjs.org/axios
464 verbose headers { date: 'Sun, 14 Jul 2024 07:25:21 GMT',
464 verbose headers   'content-type': 'application/json',
464 verbose headers   'transfer-encoding': 'chunked',
464 verbose headers   connection: 'keep-alive',
464 verbose headers   'cf-ray': '8a2fc74119763b5a-IAD',
464 verbose headers   'cf-cache-status': 'HIT',
464 verbose headers   'access-control-allow-origin': '*',
464 verbose headers   age: '279',
464 verbose headers   'cache-control': 'public, max-age=300',
464 verbose headers   etag: 'W/"45e12d8c26b2a5a2c5ce50f9fee9715b"',
464 verbose headers   'last-modified': 'Tue, 09 Jul 2024 01:08:01 GMT',
464 verbose headers   vary: 'accept-encoding, accept',
464 verbose headers   server: 'cloudflare',
464 verbose headers   'content-encoding': 'gzip' }
465 silly get cb [ 200,
465 silly get   { date: 'Sun, 14 Jul 2024 07:25:21 GMT',
465 silly get     'content-type': 'application/json',
465 silly get     'transfer-encoding': 'chunked',
465 silly get     connection: 'keep-alive',
465 silly get     'cf-ray': '8a2fc74119763b5a-IAD',
465 silly get     'cf-cache-status': 'HIT',
465 silly get     'access-control-allow-origin': '*',
465 silly get     age: '279',
465 silly get     'cache-control': 'public, max-age=300',
465 silly get     etag: 'W/"45e12d8c26b2a5a2c5ce50f9fee9715b"',
465 silly get     'last-modified': 'Tue, 09 Jul 2024 01:08:01 GMT',
465 silly get     vary: 'accept-encoding, accept',
465 silly get     server: 'cloudflare',
465 silly get     'content-encoding': 'gzip' } ]
466 verbose get saving axios to /root/.npm/registry.npmjs.org/axios/.cache.json
467 verbose stack Error: Missing required argument #1
467 verbose stack     at andLogAndFinish (/usr/share/npm/lib/fetch-package-metadata.js:31:3)
467 verbose stack     at fetchPackageMetadata (/usr/share/npm/lib/fetch-package-metadata.js:51:22)
467 verbose stack     at resolveWithNewModule (/usr/share/npm/lib/install/deps.js:456:12)
467 verbose stack     at /usr/share/npm/lib/install/deps.js:457:7
467 verbose stack     at /usr/share/npm/node_modules/iferr/index.js:13:50
467 verbose stack     at /usr/share/npm/lib/fetch-package-metadata.js:37:12
467 verbose stack     at addRequestedAndFinish (/usr/share/npm/lib/fetch-package-metadata.js:82:5)
467 verbose stack     at returnAndAddMetadata (/usr/share/npm/lib/fetch-package-metadata.js:117:7)
467 verbose stack     at pickVersionFromRegistryDocument (/usr/share/npm/lib/fetch-package-metadata.js:134:20)
467 verbose stack     at /usr/share/npm/node_modules/iferr/index.js:13:50
468 verbose cwd /root/task-management-api
469 error Linux 5.3.0-1032-aws
470 error argv "/usr/bin/node" "/usr/bin/npm" "install" "express" "mongoose" "jsonwebtoken" "bcryptjs" "dotenv" "nodemon" "@sendgrid/mail"
471 error node v8.10.0
472 error npm  v3.5.2
473 error code EMISSINGARG
474 error typeerror Error: Missing required argument #1
474 error typeerror     at andLogAndFinish (/usr/share/npm/lib/fetch-package-metadata.js:31:3)
474 error typeerror     at fetchPackageMetadata (/usr/share/npm/lib/fetch-package-metadata.js:51:22)
474 error typeerror     at resolveWithNewModule (/usr/share/npm/lib/install/deps.js:456:12)
474 error typeerror     at /usr/share/npm/lib/install/deps.js:457:7
474 error typeerror     at /usr/share/npm/node_modules/iferr/index.js:13:50
474 error typeerror     at /usr/share/npm/lib/fetch-package-metadata.js:37:12
474 error typeerror     at addRequestedAndFinish (/usr/share/npm/lib/fetch-package-metadata.js:82:5)
474 error typeerror     at returnAndAddMetadata (/usr/share/npm/lib/fetch-package-metadata.js:117:7)
474 error typeerror     at pickVersionFromRegistryDocument (/usr/share/npm/lib/fetch-package-metadata.js:134:20)
474 error typeerror     at /usr/share/npm/node_modules/iferr/index.js:13:50
475 error typeerror This is an error with npm itself. Please report this error at:
475 error typeerror     <http://github.com/npm/npm/issues>
476 verbose exit [ 1, true ]
